2022-07-20 13:01:37,809 INFO org.springframework.boot.web.embedded.tomcat.TomcatWebServer [main] Tomcat initialized with port(s): 8080 (http)
2022-07-20 13:01:37,820 INFO org.apache.juli.logging.DirectJDKLog [main] Initializing ProtocolHandler ["http-nio-8080"]
2022-07-20 13:01:37,820 INFO org.apache.juli.logging.DirectJDKLog [main] Starting service [Tomcat]
2022-07-20 13:01:37,820 INFO org.apache.juli.logging.DirectJDKLog [main] Starting Servlet engine: [Apache Tomcat/9.0.64]
2022-07-20 13:01:37,890 INFO org.apache.juli.logging.DirectJDKLog [main] Initializing Spring embedded WebApplicationContext
2022-07-20 13:01:37,900 INFO org.springframework.boot.web.servlet.context.ServletWebServerApplicationContext [main] Root WebApplicationContext: initialization completed in 899 ms
2022-07-20 13:01:37,938 INFO com.BS5.BS5.Controlador1 [main] MENSAJE DE PRUEBA DESDE EL Controlador1
2022-07-20 13:01:38,178 INFO org.apache.juli.logging.DirectJDKLog [main] Starting ProtocolHandler ["http-nio-8080"]
2022-07-20 13:01:38,196 INFO org.springframework.boot.web.embedded.tomcat.TomcatWebServer [main] Tomcat started on port(s): 8080 (http) with context path ''
2022-07-20 13:01:38,207 INFO org.springframework.boot.StartupInfoLogger [main] Started Bs5Application in 1.644 seconds (JVM running for 1.917)
2022-07-20 13:01:46,644 INFO org.springframework.boot.StartupInfoLogger [main] Starting Bs5Application using Java 18.0.1.1 on L2203095 with PID 4564 (C:\Users\josemanuel.santo\Documents\BOSONIT\formacion_BACKEND\SPRING\BS5\target\classes started by josemanuel.santo in C:\Users\josemanuel.santo\Documents\BOSONIT\formacion_BACKEND\SPRING\BS5)
2022-07-20 13:01:46,647 DEBUG org.springframework.boot.StartupInfoLogger [main] Running with Spring Boot v2.7.1, Spring v5.3.21
2022-07-20 13:01:46,648 INFO org.springframework.boot.SpringApplication [main] No active profile set, falling back to 1 default profile: "default"
2022-07-20 13:01:47,544 INFO org.springframework.boot.web.embedded.tomcat.TomcatWebServer [main] Tomcat initialized with port(s): 8080 (http)
2022-07-20 13:01:47,552 INFO org.apache.juli.logging.DirectJDKLog [main] Initializing ProtocolHandler ["http-nio-8080"]
2022-07-20 13:01:47,553 INFO org.apache.juli.logging.DirectJDKLog [main] Starting service [Tomcat]
2022-07-20 13:01:47,553 INFO org.apache.juli.logging.DirectJDKLog [main] Starting Servlet engine: [Apache Tomcat/9.0.64]
2022-07-20 13:01:47,618 INFO org.apache.juli.logging.DirectJDKLog [main] Initializing Spring embedded WebApplicationContext
2022-07-20 13:01:47,619 INFO org.springframework.boot.web.servlet.context.ServletWebServerApplicationContext [main] Root WebApplicationContext: initialization completed in 922 ms
2022-07-20 13:01:47,657 INFO com.BS5.BS5.Controlador1 [main] MENSAJE DE PRUEBA DESDE EL Controlador1
2022-07-20 13:01:47,894 INFO org.apache.juli.logging.DirectJDKLog [main] Starting ProtocolHandler ["http-nio-8080"]
2022-07-20 13:01:47,910 INFO org.springframework.boot.web.embedded.tomcat.TomcatWebServer [main] Tomcat started on port(s): 8080 (http) with context path ''
2022-07-20 13:01:47,918 INFO org.springframework.boot.StartupInfoLogger [main] Started Bs5Application in 1.691 seconds (JVM running for 1.983)
2022-07-20 13:01:55,390 INFO org.springframework.boot.StartupInfoLogger [main] Starting Bs5Application using Java 18.0.1.1 on L2203095 with PID 10064 (C:\Users\josemanuel.santo\Documents\BOSONIT\formacion_BACKEND\SPRING\BS5\target\classes started by josemanuel.santo in C:\Users\josemanuel.santo\Documents\BOSONIT\formacion_BACKEND\SPRING\BS5)
2022-07-20 13:01:55,394 DEBUG org.springframework.boot.StartupInfoLogger [main] Running with Spring Boot v2.7.1, Spring v5.3.21
2022-07-20 13:01:55,395 INFO org.springframework.boot.SpringApplication [main] No active profile set, falling back to 1 default profile: "default"
2022-07-20 13:01:56,277 INFO org.springframework.boot.web.embedded.tomcat.TomcatWebServer [main] Tomcat initialized with port(s): 8080 (http)
2022-07-20 13:01:56,286 INFO org.apache.juli.logging.DirectJDKLog [main] Initializing ProtocolHandler ["http-nio-8080"]
2022-07-20 13:01:56,287 INFO org.apache.juli.logging.DirectJDKLog [main] Starting service [Tomcat]
2022-07-20 13:01:56,287 INFO org.apache.juli.logging.DirectJDKLog [main] Starting Servlet engine: [Apache Tomcat/9.0.64]
2022-07-20 13:01:56,356 INFO org.apache.juli.logging.DirectJDKLog [main] Initializing Spring embedded WebApplicationContext
2022-07-20 13:01:56,356 INFO org.springframework.boot.web.servlet.context.ServletWebServerApplicationContext [main] Root WebApplicationContext: initialization completed in 905 ms
2022-07-20 13:01:56,399 INFO com.BS5.BS5.Controlador1 [main] MENSAJE DE PRUEBA DESDE EL Controlador1
2022-07-20 13:01:56,644 INFO org.apache.juli.logging.DirectJDKLog [main] Starting ProtocolHandler ["http-nio-8080"]
2022-07-20 13:01:56,665 INFO org.springframework.boot.web.embedded.tomcat.TomcatWebServer [main] Tomcat started on port(s): 8080 (http) with context path ''
2022-07-20 13:01:56,673 INFO org.springframework.boot.StartupInfoLogger [main] Started Bs5Application in 1.673 seconds (JVM running for 1.982)
2022-07-20 13:02:07,431 INFO org.springframework.boot.StartupInfoLogger [main] Starting Bs5Application using Java 18.0.1.1 on L2203095 with PID 4640 (C:\Users\josemanuel.santo\Documents\BOSONIT\formacion_BACKEND\SPRING\BS5\target\classes started by josemanuel.santo in C:\Users\josemanuel.santo\Documents\BOSONIT\formacion_BACKEND\SPRING\BS5)
2022-07-20 13:02:07,433 DEBUG org.springframework.boot.StartupInfoLogger [main] Running with Spring Boot v2.7.1, Spring v5.3.21
2022-07-20 13:02:07,435 INFO org.springframework.boot.SpringApplication [main] No active profile set, falling back to 1 default profile: "default"
2022-07-20 13:02:08,346 INFO org.springframework.boot.web.embedded.tomcat.TomcatWebServer [main] Tomcat initialized with port(s): 8080 (http)
2022-07-20 13:02:08,355 INFO org.apache.juli.logging.DirectJDKLog [main] Initializing ProtocolHandler ["http-nio-8080"]
2022-07-20 13:02:08,355 INFO org.apache.juli.logging.DirectJDKLog [main] Starting service [Tomcat]
2022-07-20 13:02:08,356 INFO org.apache.juli.logging.DirectJDKLog [main] Starting Servlet engine: [Apache Tomcat/9.0.64]
2022-07-20 13:02:08,422 INFO org.apache.juli.logging.DirectJDKLog [main] Initializing Spring embedded WebApplicationContext
2022-07-20 13:02:08,423 INFO org.springframework.boot.web.servlet.context.ServletWebServerApplicationContext [main] Root WebApplicationContext: initialization completed in 925 ms
2022-07-20 13:02:08,458 INFO com.BS5.BS5.Controlador1 [main] MENSAJE DE PRUEBA DESDE EL Controlador1
2022-07-20 13:02:08,708 INFO org.apache.juli.logging.DirectJDKLog [main] Starting ProtocolHandler ["http-nio-8080"]
2022-07-20 13:02:08,726 INFO org.springframework.boot.web.embedded.tomcat.TomcatWebServer [main] Tomcat started on port(s): 8080 (http) with context path ''
2022-07-20 13:02:08,734 INFO org.springframework.boot.StartupInfoLogger [main] Started Bs5Application in 1.731 seconds (JVM running for 2.057)
2022-07-20 13:02:43,938 INFO org.springframework.boot.StartupInfoLogger [main] Starting Bs5Application using Java 18.0.1.1 on L2203095 with PID 11920 (C:\Users\josemanuel.santo\Documents\BOSONIT\formacion_BACKEND\SPRING\BS5\target\classes started by josemanuel.santo in C:\Users\josemanuel.santo\Documents\BOSONIT\formacion_BACKEND\SPRING\BS5)
2022-07-20 13:02:43,941 DEBUG org.springframework.boot.StartupInfoLogger [main] Running with Spring Boot v2.7.1, Spring v5.3.21
2022-07-20 13:02:43,942 INFO org.springframework.boot.SpringApplication [main] No active profile set, falling back to 1 default profile: "default"
